connect-injector logs after upgrade.

ERROR	controller.serviceintentions	Reconciler error	{"reconciler group": "consul.hashicorp.com", "reconciler kind": "ServiceIntentions", "name": "api", "namespace": "default", "error": "config entry managed in different datacenter: \"consul0-eastus\""}
ERROR	controller.ingressgateway	Reconciler error	{"reconciler group": "consul.hashicorp.com", "reconciler kind": "IngressGateway", "name": "ingress-gateway", "namespace": "default", "error": "config entry managed in different datacenter: \"consul0-eastus\""}
ERROR	controller.proxydefaults	Reconciler error	{"reconciler group": "consul.hashicorp.com", "reconciler kind": "ProxyDefaults", "name": "global", "namespace": "default", "error": "config entry managed in different datacenter: \"consul0-eastus\""}
ERROR	controller.ingressgateway	Reconciler error	{"reconciler group": "consul.hashicorp.com", "reconciler kind": "IngressGateway", "name": "ingress-gateway", "namespace": "default", "error": "config entry managed in different datacenter: \"consul0-eastus\""}
ERROR	controller.serviceintentions	Reconciler error	{"reconciler group": "consul.hashicorp.com", "reconciler kind": "ServiceIntentions", "name": "web1", "namespace": "default", "error": "config entry managed in different datacenter: \"consul0-eastus\""}
ERROR	controller.servicedefaults	Reconciler error	{"reconciler group": "consul.hashicorp.com", "reconciler kind": "ServiceDefaults", "name": "api", "namespace": "default", "error": "config entry managed in different datacenter: \"consul0-eastus\""}
ERROR	controller.proxydefaults	Reconciler error	{"reconciler group": "consul.hashicorp.com", "reconciler kind": "ProxyDefaults", "name": "global", "namespace": "default", "error": "config entry managed in different datacenter: \"consul0-eastus\""}
ERROR	controller.serviceintentions	Reconciler error	{"reconciler group": "consul.hashicorp.com", "reconciler kind": "ServiceIntentions", "name": "api", "namespace": "default", "error": "config entry managed in different datacenter: \"consul0-eastus\""}
ERROR	controller.ingressgateway	Reconciler error	{"reconciler group": "consul.hashicorp.com", "reconciler kind": "IngressGateway", "name": "ingress-gateway", "namespace": "default", "error": "config entry managed in different datacenter: \"consul0-eastus\""}
ERROR	controller.serviceintentions	Reconciler error	{"reconciler group": "consul.hashicorp.com", "reconciler kind": "ServiceIntentions", "name": "web1", "namespace": "default", "error": "config entry managed in different datacenter: \"consul0-eastus\""}
ERROR	controller.ingressgateway	Reconciler error	{"reconciler group": "consul.hashicorp.com", "reconciler kind": "IngressGateway", "name": "ingress-gateway", "namespace": "default", "error": "config entry managed in different datacenter: \"consul0-eastus\""}
ERROR	controller.proxydefaults	Reconciler error	{"reconciler group": "consul.hashicorp.com", "reconciler kind": "ProxyDefaults", "name": "global", "namespace": "default", "error": "config entry managed in different datacenter: \"consul0-eastus\""}
ERROR	controller.serviceintentions	Reconciler error	{"reconciler group": "consul.hashicorp.com", "reconciler kind": "ServiceIntentions", "name": "api", "namespace": "default", "error": "config entry managed in different datacenter: \"consul0-eastus\""}
ERROR	controller.ingressgateway	Reconciler error	{"reconciler group": "consul.hashicorp.com", "reconciler kind": "IngressGateway", "name": "ingress-gateway", "namespace": "default", "error": "config entry managed in different datacenter: \"consul0-eastus\""}
ERROR	controller.serviceintentions	Reconciler error	{"reconciler group": "consul.hashicorp.com", "reconciler kind": "ServiceIntentions", "name": "web1", "namespace": "default", "error": "config entry managed in different datacenter: \"consul0-eastus\""}
ERROR	controller.proxydefaults	Reconciler error	{"reconciler group": "consul.hashicorp.com", "reconciler kind": "ProxyDefaults", "name": "global", "namespace": "default", "error": "config entry managed in different datacenter: \"consul0-eastus\""}
ERROR	controller.ingressgateway	Reconciler error	{"reconciler group": "consul.hashicorp.com", "reconciler kind": "IngressGateway", "name": "ingress-gateway", "namespace": "default", "error": "config entry managed in different datacenter: \"consul0-eastus\""}
ERROR	controller.proxydefaults	Reconciler error	{"reconciler group": "consul.hashicorp.com", "reconciler kind": "ProxyDefaults", "name": "global", "namespace": "default", "error": "config entry managed in different datacenter: \"consul0-eastus\""}
ERROR	controller.serviceintentions	Reconciler error	{"reconciler group": "consul.hashicorp.com", "reconciler kind": "ServiceIntentions", "name": "api", "namespace": "default", "error": "config entry managed in different datacenter: \"consul0-eastus\""}
ERROR	controller.serviceintentions	Reconciler error	{"reconciler group": "consul.hashicorp.com", "reconciler kind": "ServiceIntentions", "name": "web1", "namespace": "default", "error": "config entry managed in different datacenter: \"consul0-eastus\""}
ERROR	controller.serviceintentions	Reconciler error	{"reconciler group": "consul.hashicorp.com", "reconciler kind": "ServiceIntentions", "name": "api", "namespace": "default", "error": "config entry managed in different datacenter: \"consul0-eastus\""}
ERROR	controller.proxydefaults	Reconciler error	{"reconciler group": "consul.hashicorp.com", "reconciler kind": "ProxyDefaults", "name": "global", "namespace": "default", "error": "config entry managed in different datacenter: \"consul0-eastus\""}
ERROR	controller.serviceintentions	Reconciler error	{"reconciler group": "consul.hashicorp.com", "reconciler kind": "ServiceIntentions", "name": "web1", "namespace": "default", "error": "config entry managed in different datacenter: \"consul0-eastus\""}
ERROR	controller.servicedefaults	Reconciler error	{"reconciler group": "consul.hashicorp.com", "reconciler kind": "ServiceDefaults", "name": "api", "namespace": "default", "error": "config entry managed in different datacenter: \"consul0-eastus\""}
ERROR	controller.serviceintentions	Reconciler error	{"reconciler group": "consul.hashicorp.com", "reconciler kind": "ServiceIntentions", "name": "web1", "namespace": "default", "error": "config entry managed in different datacenter: \"consul0-eastus\""}
ERROR	controller.servicedefaults	Reconciler error	{"reconciler group": "consul.hashicorp.com", "reconciler kind": "ServiceDefaults", "name": "api", "namespace": "default", "error": "config entry managed in different datacenter: \"consul0-eastus\""}
